[Mon Sep  9 00:28:23 2024] PHP 8.2.18 Development Server (http://localhost:2525) started
[Mon Sep  9 00:28:47 2024] [::1]:51708 Accepted
[Mon Sep  9 00:28:47 2024] [::1]:51708 [200]: GET /iky/i/
[Mon Sep  9 00:28:47 2024] [::1]:51708 Closing
[Mon Sep  9 00:28:49 2024] [::1]:51722 Accepted
[Mon Sep  9 00:28:49 2024] [::1]:51722 [200]: POST /iky/i/handler.php
[Mon Sep  9 00:28:49 2024] [::1]:51722 Closing
[Mon Sep  9 00:28:58 2024] [::1]:42414 Accepted
[Mon Sep  9 00:28:59 2024] [::1]:42414 [200]: POST /iky/i/post.php
[Mon Sep  9 00:28:59 2024] [::1]:42414 Closing
[Mon Sep  9 00:29:08 2024] [::1]:47470 Accepted
[Mon Sep  9 00:29:08 2024] [::1]:47470 [200]: POST /iky/i/post.php
[Mon Sep  9 00:29:08 2024] [::1]:47470 Closing
[Mon Sep  9 00:29:16 2024] [::1]:47482 Accepted
[Mon Sep  9 00:29:16 2024] [::1]:47482 [200]: POST /receiver.php
[Mon Sep  9 00:29:16 2024] [::1]:47482 Closing
[Mon Sep  9 00:29:16 2024] [::1]:34128 Accepted
[Mon Sep  9 00:29:16 2024] [::1]:34128 [200]: POST /iky/i/post.php
[Mon Sep  9 00:29:16 2024] [::1]:34128 Closing
[Mon Sep  9 00:29:26 2024] [::1]:34142 Accepted
[Mon Sep  9 00:29:26 2024] [::1]:34142 [200]: POST /iky/i/post.php
[Mon Sep  9 00:29:26 2024] [::1]:34142 Closing
[Mon Sep  9 00:30:16 2024] [::1]:39694 Accepted
[Mon Sep  9 00:30:16 2024] [::1]:39694 [200]: POST /receiver.php
[Mon Sep  9 00:30:16 2024] [::1]:39694 Closing
[Mon Sep  9 00:31:16 2024] [::1]:51172 Accepted
[Mon Sep  9 00:31:16 2024] [::1]:51172 [200]: POST /receiver.php
[Mon Sep  9 00:31:16 2024] [::1]:51172 Closing
[Mon Sep  9 00:32:16 2024] [::1]:50812 Accepted
[Mon Sep  9 00:32:16 2024] [::1]:50812 [200]: POST /receiver.php
[Mon Sep  9 00:32:16 2024] [::1]:50812 Closing
